  pch.cpp
  Duongchay.cpp
  Game.cpp
  Hcn.cpp
  MainFrm.cpp
  Nutlenh.cpp
D:\23103031\Code\lap trinh huong doi tuong\Game Khủng Long\RunnerGame\MainFrm.cpp(17,1): warning C4566: character represented by universal-character-name '\u1EE7' cannot be represented in the current code page (1252)
  (compiling source file '/MainFrm.cpp')
  
D:\23103031\Code\lap trinh huong doi tuong\Game Khủng Long\RunnerGame\MainFrm.cpp(60,3): warning C4566: character represented by universal-character-name '\u1EE7' cannot be represented in the current code page (1252)
  (compiling source file '/MainFrm.cpp')
  
D:\23103031\Code\lap trinh huong doi tuong\Game Khủng Long\RunnerGame\MainFrm.cpp(72,3): warning C4566: character represented by universal-character-name '\u1EE7' cannot be represented in the current code page (1252)
  (compiling source file '/MainFrm.cpp')
  
D:\23103031\Code\lap trinh huong doi tuong\Game Khủng Long\RunnerGame\MainFrm.cpp(78,2): warning C4566: character represented by universal-character-name '\u1EE7' cannot be represented in the current code page (1252)
  (compiling source file '/MainFrm.cpp')
  
D:\23103031\Code\lap trinh huong doi tuong\Game Khủng Long\RunnerGame\MainFrm.cpp(83,2): warning C4566: character represented by universal-character-name '\u1EE7' cannot be represented in the current code page (1252)
  (compiling source file '/MainFrm.cpp')
  
D:\23103031\Code\lap trinh huong doi tuong\Game Khủng Long\RunnerGame\MainFrm.cpp(91,3): warning C4566: character represented by universal-character-name '\u1EE7' cannot be represented in the current code page (1252)
  (compiling source file '/MainFrm.cpp')
  
D:\23103031\Code\lap trinh huong doi tuong\Game Khủng Long\RunnerGame\MainFrm.cpp(182,42): warning C4566: character represented by universal-character-name '\u1EE7' cannot be represented in the current code page (1252)
  (compiling source file '/MainFrm.cpp')
  
D:\23103031\Code\lap trinh huong doi tuong\Game Khủng Long\RunnerGame\MainFrm.cpp(196,2): warning C4566: character represented by universal-character-name '\u1EE7' cannot be represented in the current code page (1252)
  (compiling source file '/MainFrm.cpp')
  
D:\23103031\Code\lap trinh huong doi tuong\Game Khủng Long\RunnerGame\MainFrm.cpp(201,2): warning C4566: character represented by universal-character-name '\u1EE7' cannot be represented in the current code page (1252)
  (compiling source file '/MainFrm.cpp')
  
D:\23103031\Code\lap trinh huong doi tuong\Game Khủng Long\RunnerGame\MainFrm.cpp(297,2): warning C4566: character represented by universal-character-name '\u1EE7' cannot be represented in the current code page (1252)
  (compiling source file '/MainFrm.cpp')
  
  Player.cpp
  RunnerGame.cpp
D:\23103031\Code\lap trinh huong doi tuong\Game Khủng Long\RunnerGame\RunnerGame.cpp(115,17): warning C4566: character represented by universal-character-name '\u1EE7' cannot be represented in the current code page (1252)
  (compiling source file '/RunnerGame.cpp')
  
D:\23103031\Code\lap trinh huong doi tuong\Game Khủng Long\RunnerGame\RunnerGame.cpp(199,2): warning C4566: character represented by universal-character-name '\u1EE7' cannot be represented in the current code page (1252)
  (compiling source file '/RunnerGame.cpp')
  
  RunnerGameDoc.cpp
D:\23103031\Code\lap trinh huong doi tuong\Game Khủng Long\RunnerGame\RunnerGameDoc.cpp(23,1): warning C4566: character represented by universal-character-name '\u1EE7' cannot be represented in the current code page (1252)
  (compiling source file '/RunnerGameDoc.cpp')
  
  RunnerGameView.cpp
D:\23103031\Code\lap trinh huong doi tuong\Game Khủng Long\RunnerGame\RunnerGameView.cpp(22,1): warning C4566: character represented by universal-character-name '\u1EE7' cannot be represented in the current code page (1252)
  (compiling source file '/RunnerGameView.cpp')
  
D:\23103031\Code\lap trinh huong doi tuong\Game Khủng Long\RunnerGame\RunnerGameView.cpp(58,2): warning C4566: character represented by universal-character-name '\u1EE7' cannot be represented in the current code page (1252)
  (compiling source file '/RunnerGameView.cpp')
  
D:\23103031\Code\lap trinh huong doi tuong\Game Khủng Long\RunnerGame\RunnerGameView.cpp(97,2): warning C4566: character represented by universal-character-name '\u1EE7' cannot be represented in the current code page (1252)
  (compiling source file '/RunnerGameView.cpp')
  
  Generating Code...
D:\23103031\Code\lap trinh huong doi tuong\Game Khủng Long\RunnerGame\Game.cpp(39,1): warning C4715: 'Game::bamnut': not all control paths return a value
  RunnerGame.vcxproj -> D:\23103031\Code\lap trinh huong doi tuong\Game Khủng Long\RunnerGame\x64\Debug\RunnerGame.exe
